c:\users\asus\documents\visual studio 2015\projects\ide\ide\debug\vc140.pdb
c:\users\asus\documents\visual studio 2015\projects\ide\ide\debug\.netframework,version=v4.5.2.assemblyattributes.obj
c:\users\asus\documents\visual studio 2015\projects\ide\ide\debug\.netframework,version=v4.5.2.assemblyattributes.asm
c:\users\asus\documents\visual studio 2015\projects\ide\ide\debug\myform.obj
c:\users\asus\documents\visual studio 2015\projects\ide\ide\debug\ide.myform.resources
c:\users\asus\documents\visual studio 2015\projects\ide\debug\ide.exe
c:\users\asus\documents\visual studio 2015\projects\ide\debug\ide.pdb
c:\users\asus\documents\visual studio 2015\projects\ide\ide\debug\ide.tlog\metagen.write.1.tlog
c:\users\asus\documents\visual studio 2015\projects\ide\ide\debug\ide.vcxproj.generateresource.cache
c:\users\asus\documents\visual studio 2015\projects\ide\ide\debug\ide.vcxprojresolveassemblyreference.cache
c:\users\asus\documents\visual studio 2015\projects\ide\ide\debug\.netframework,version=v4.5.assemblyattributes.obj
c:\users\asus\documents\visual studio 2015\projects\ide\ide\debug\vc120.pdb
c:\users\asus\documents\visual studio 2015\projects\ide\ide\debug\ide.tlog\cl.command.1.tlog
c:\users\asus\documents\visual studio 2015\projects\ide\ide\debug\ide.tlog\cl.read.1.tlog
c:\users\asus\documents\visual studio 2015\projects\ide\ide\debug\ide.tlog\cl.write.1.tlog
c:\users\asus\documents\visual studio 2015\projects\ide\ide\debug\ide.tlog\ide.write.1u.tlog
c:\users\asus\documents\visual studio 2015\projects\ide\ide\debug\ide.tlog\link.command.1.tlog
c:\users\asus\documents\visual studio 2015\projects\ide\ide\debug\ide.tlog\link.read.1.tlog
c:\users\asus\documents\visual studio 2015\projects\ide\ide\debug\ide.tlog\link.write.1.tlog
c:\users\asus\documents\visual studio 2015\projects\ide\ide\debug\ide.tlog\metagen.read.1.tlog
c:\users\asus\documents\visual studio 2015\projects\ide\ide\debug\ide.tlog\system.data.dll.metagen
c:\users\asus\documents\visual studio 2015\projects\ide\ide\debug\ide.tlog\system.dll.metagen
c:\users\asus\documents\visual studio 2015\projects\ide\ide\debug\ide.tlog\system.drawing.dll.metagen
c:\users\asus\documents\visual studio 2015\projects\ide\ide\debug\ide.tlog\system.xml.dll.metagen
c:\users\asus\documents\visual studio 2015\projects\ide\ide\debug\ide.tlog\rsaenh.dll.bi
c:\users\asus\documents\visual studio 2015\projects\ide\ide\debug\ide.tlog\tzres.dll.bi
